#
# There is insufficient memory for the Java Runtime Environment to continue.
# Native memory allocation (malloc) failed to allocate 32744 bytes for ChunkPool::allocate
# Possible reasons:
#   The system is out of physical RAM or swap space
#   The process is running with CompressedOops enabled, and the Java Heap may be blocking the growth of the native heap
# Possible solutions:
#   Reduce memory load on the system
#   Increase physical memory or swap space
#   Check if swap backing store is full
#   Decrease Java heap size (-Xmx/-Xms)
#   Decrease number of Java threads
#   Decrease Java thread stack sizes (-Xss)
#   Set larger code cache with -XX:ReservedCodeCacheSize=
#   JVM is running with Unscaled Compressed Oops mode in which the Java heap is
#     placed in the first 4GB address space. The Java Heap base address is the
#     maximum limit for the native heap growth. Please use -XX:HeapBaseMinAddress
#     to set the Java Heap base and to place the Java Heap above 4GB virtual address.
# This output file may be truncated or incomplete.
#
#  Out of Memory Error (allocation.cpp:272), pid=1964, tid=0x0000000000000d10
#
# JRE version: OpenJDK Runtime Environment (8.0_312-b07) (build 1.8.0_312-b07)
# Java VM: OpenJDK 64-Bit Server VM (25.312-b07 mixed mode windows-amd64 compressed oops)
# Failed to write core dump. Minidumps are not enabled by default on client versions of Windows
#

---------------  T H R E A D  ---------------

Current thread (0x0000000013b83000):  JavaThread "C2 CompilerThread1" daemon [_thread_in_native, id=3344, stack(0x00000000152d0000,0x00000000153d0000)]

Stack: [0x00000000152d0000,0x00000000153d0000]
[error occurred during error reporting (printing stack bounds), id 0xc0000005]

Native frames: (J=compiled Java code, j=interpreted, Vv=VM code, C=native code)


Current CompileTask:
C2:  84772 5404       4       java.util.HashSet::add (20 bytes)


---------------  P R O C E S S  ---------------

Java Threads: ( => current thread )
  0x000000001588b800 JavaThread "Memory manager" [_thread_blocked, id=4824, stack(0x00000000252a0000,0x00000000253a0000)]
  0x0000000015888800 JavaThread "jar transforms Thread 97" [_thread_blocked, id=6048, stack(0x00000000249a0000,0x0000000024aa0000)]
  0x0000000015885800 JavaThread "jar transforms Thread 96" [_thread_blocked, id=1996, stack(0x00000000248a0000,0x00000000249a0000)]
  0x0000000015887800 JavaThread "jar transforms Thread 95" [_thread_blocked, id=3760, stack(0x00000000247a0000,0x00000000248a0000)]
  0x0000000015e43800 JavaThread "jar transforms Thread 94" [_thread_blocked, id=3220, stack(0x00000000246a0000,0x00000000247a0000)]
  0x0000000015e41000 JavaThread "jar transforms Thread 93" [_thread_blocked, id=11796, stack(0x00000000245a0000,0x00000000246a0000)]
  0x0000000015e46000 JavaThread "jar transforms Thread 92" [_thread_blocked, id=12712, stack(0x00000000244a0000,0x00000000245a0000)]
  0x0000000015e42000 JavaThread "jar transforms Thread 91" [_thread_blocked, id=6704, stack(0x00000000243a0000,0x00000000244a0000)]
  0x0000000015e40800 JavaThread "jar transforms Thread 90" [_thread_blocked, id=9576, stack(0x00000000242a0000,0x00000000243a0000)]
  0x0000000015e45000 JavaThread "jar transforms Thread 89" [_thread_blocked, id=11776, stack(0x00000000241a0000,0x00000000242a0000)]
  0x0000000015e44800 JavaThread "jar transforms Thread 88" [_thread_blocked, id=9584, stack(0x00000000240a0000,0x00000000241a0000)]
  0x0000000015e3f800 JavaThread "jar transforms Thread 87" [_thread_blocked, id=6792, stack(0x0000000023fa0000,0x00000000240a0000)]
  0x0000000015e43000 JavaThread "jar transforms Thread 86" [_thread_blocked, id=8232, stack(0x0000000023ea0000,0x0000000023fa0000)]
  0x0000000015e3f000 JavaThread "jar transforms Thread 85" [_thread_blocked, id=10416, stack(0x0000000023da0000,0x0000000023ea0000)]
  0x0000000015e37000 JavaThread "jar transforms Thread 84" [_thread_blocked, id=8696, stack(0x0000000023ca0000,0x0000000023da0000)]
  0x0000000015e38000 JavaThread "jar transforms Thread 83" [_thread_blocked, id=5852, stack(0x0000000023ba0000,0x0000000023ca0000)]
  0x0000000015e3e000 JavaThread "jar transforms Thread 82" [_thread_blocked, id=11680, stack(0x0000000023aa0000,0x0000000023ba0000)]
  0x0000000015e3b000 JavaThread "jar transforms Thread 81" [_thread_blocked, id=3408, stack(0x00000000239a0000,0x0000000023aa0000)]
  0x0000000015e3a000 JavaThread "jar transforms Thread 80" [_thread_blocked, id=8324, stack(0x00000000238a0000,0x00000000239a0000)]
  0x0000000015e39800 JavaThread "jar transforms Thread 79" [_thread_blocked, id=8316, stack(0x00000000237a0000,0x00000000238a0000)]
  0x0000000015e3d800 JavaThread "jar transforms Thread 78" [_thread_blocked, id=8560, stack(0x00000000236a0000,0x00000000237a0000)]
  0x0000000015e38800 JavaThread "jar transforms Thread 77" [_thread_blocked, id=8568, stack(0x00000000235a0000,0x00000000236a0000)]
  0x0000000015e3c800 JavaThread "jar transforms Thread 76" [_thread_blocked, id=11504, stack(0x00000000234a0000,0x00000000235a0000)]
  0x0000000015e3c000 JavaThread "jar transforms Thread 75" [_thread_blocked, id=10080, stack(0x00000000233a0000,0x00000000234a0000)]
  0x00000000169ba000 JavaThread "jar transforms Thread 74" [_thread_blocked, id=10408, stack(0x00000000232a0000,0x00000000233a0000)]
  0x00000000169c0800 JavaThread "jar transforms Thread 73" [_thread_blocked, id=11432, stack(0x00000000231a0000,0x00000000232a0000)]
  0x00000000169bb800 JavaThread "jar transforms Thread 72" [_thread_blocked, id=11452, stack(0x00000000230a0000,0x00000000231a0000)]
  0x00000000169bf800 JavaThread "jar transforms Thread 71" [_thread_blocked, id=11808, stack(0x0000000022fa0000,0x00000000230a0000)]
  0x00000000169be000 JavaThread "jar transforms Thread 70" [_thread_blocked, id=11312, stack(0x0000000022ea0000,0x0000000022fa0000)]
  0x00000000169bf000 JavaThread "jar transforms Thread 69" [_thread_blocked, id=2844, stack(0x0000000022da0000,0x0000000022ea0000)]
  0x00000000169bd800 JavaThread "jar transforms Thread 68" [_thread_blocked, id=11640, stack(0x0000000022ca0000,0x0000000022da0000)]
  0x00000000169bb000 JavaThread "jar transforms Thread 67" [_thread_blocked, id=10384, stack(0x0000000022ba0000,0x0000000022ca0000)]
  0x00000000169bc800 JavaThread "jar transforms Thread 66" [_thread_blocked, id=10820, stack(0x0000000022aa0000,0x0000000022ba0000)]
  0x00000000169b2800 JavaThread "jar transforms Thread 65" [_thread_blocked, id=10472, stack(0x00000000229a0000,0x0000000022aa0000)]
  0x00000000169b9800 JavaThread "jar transforms Thread 64" [_thread_blocked, id=11416, stack(0x00000000228a0000,0x00000000229a0000)]
  0x00000000169b1800 JavaThread "jar transforms Thread 63" [_thread_blocked, id=10924, stack(0x00000000227a0000,0x00000000228a0000)]
  0x00000000169b8800 JavaThread "jar transforms Thread 62" [_thread_blocked, id=10392, stack(0x00000000226a0000,0x00000000227a0000)]
  0x00000000169b7000 JavaThread "jar transforms Thread 61" [_thread_blocked, id=11424, stack(0x00000000225a0000,0x00000000226a0000)]
  0x00000000169b8000 JavaThread "jar transforms Thread 60" [_thread_blocked, id=1556, stack(0x00000000224a0000,0x00000000225a0000)]
  0x00000000169b5800 JavaThread "jar transforms Thread 59" [_thread_blocked, id=5984, stack(0x00000000223a0000,0x00000000224a0000)]
  0x00000000169b4000 JavaThread "jar transforms Thread 58" [_thread_blocked, id=2660, stack(0x00000000222a0000,0x00000000223a0000)]
  0x00000000169b6000 JavaThread "jar transforms Thread 57" [_thread_blocked, id=10796, stack(0x00000000221a0000,0x00000000222a0000)]
  0x00000000169b4800 JavaThread "jar transforms Thread 56" [_thread_blocked, id=10852, stack(0x00000000220a0000,0x00000000221a0000)]
  0x00000000169b3000 JavaThread "jar transforms Thread 55" [_thread_blocked, id=2324, stack(0x0000000021fa0000,0x00000000220a0000)]
  0x0000000016842000 JavaThread "jar transforms Thread 54" [_thread_blocked, id=10804, stack(0x0000000021ea0000,0x0000000021fa0000)]
  0x0000000016841800 JavaThread "jar transforms Thread 53" [_thread_blocked, id=10816, stack(0x0000000021da0000,0x0000000021ea0000)]
  0x0000000016840800 JavaThread "jar transforms Thread 52" [_thread_blocked, id=10856, stack(0x0000000021ca0000,0x0000000021da0000)]
  0x0000000016838800 JavaThread "jar transforms Thread 51" [_thread_blocked, id=1344, stack(0x0000000021ba0000,0x0000000021ca0000)]
  0x000000001683f800 JavaThread "jar transforms Thread 50" [_thread_blocked, id=8912, stack(0x0000000021aa0000,0x0000000021ba0000)]
  0x000000001683e000 JavaThread "jar transforms Thread 49" [_thread_blocked, id=10792, stack(0x00000000219a0000,0x0000000021aa0000)]
  0x000000001683f000 JavaThread "jar transforms Thread 48" [_thread_blocked, id=10812, stack(0x00000000218a0000,0x00000000219a0000)]
  0x000000001683d800 JavaThread "jar transforms Thread 47" [_thread_blocked, id=5800, stack(0x00000000217a0000,0x00000000218a0000)]
  0x0000000016835800 JavaThread "jar transforms Thread 46" [_thread_blocked, id=6468, stack(0x00000000216a0000,0x00000000217a0000)]
  0x000000001683c800 JavaThread "jar transforms Thread 45" [_thread_blocked, id=8, stack(0x00000000215a0000,0x00000000216a0000)]
  0x0000000016834800 JavaThread "jar transforms Thread 44" [_thread_blocked, id=9988, stack(0x00000000214a0000,0x00000000215a0000)]
  0x0000000016837000 JavaThread "jar transforms Thread 43" [_thread_blocked, id=7852, stack(0x00000000213a0000,0x00000000214a0000)]
  0x000000001683c000 JavaThread "jar transforms Thread 42" [_thread_blocked, id=3924, stack(0x00000000212a0000,0x00000000213a0000)]
  0x000000001683b000 JavaThread "jar transforms Thread 41" [_thread_blocked, id=2224, stack(0x00000000211a0000,0x00000000212a0000)]
  0x0000000016833000 JavaThread "jar transforms Thread 40" [_thread_blocked, id=7956, stack(0x00000000210a0000,0x00000000211a0000)]
  0x0000000016838000 JavaThread "jar transforms Thread 39" [_thread_blocked, id=10044, stack(0x0000000020fa0000,0x00000000210a0000)]
  0x0000000016836800 JavaThread "jar transforms Thread 38" [_thread_blocked, id=7896, stack(0x0000000020ea0000,0x0000000020fa0000)]
  0x000000001683a000 JavaThread "jar transforms Thread 37" [_thread_blocked, id=8244, stack(0x0000000020da0000,0x0000000020ea0000)]
  0x0000000016839800 JavaThread "jar transforms Thread 36" [_thread_blocked, id=8064, stack(0x0000000020ca0000,0x0000000020da0000)]
  0x0000000016834000 JavaThread "jar transforms Thread 35" [_thread_blocked, id=9848, stack(0x0000000020ba0000,0x0000000020ca0000)]
  0x00000000187ce800 JavaThread "jar transforms Thread 34" [_thread_blocked, id=9400, stack(0x0000000020aa0000,0x0000000020ba0000)]
  0x00000000187ce000 JavaThread "jar transforms Thread 33" [_thread_blocked, id=11780, stack(0x00000000209a0000,0x0000000020aa0000)]
  0x00000000187cd000 JavaThread "jar transforms Thread 32" [_thread_blocked, id=2936, stack(0x00000000208a0000,0x00000000209a0000)]
  0x00000000187d2800 JavaThread "jar transforms Thread 31" [_thread_blocked, id=9788, stack(0x00000000207a0000,0x00000000208a0000)]
  0x00000000187d0000 JavaThread "jar transforms Thread 30" [_thread_blocked, id=1268, stack(0x00000000206a0000,0x00000000207a0000)]
  0x00000000187cf800 JavaThread "jar transforms Thread 29" [_thread_blocked, id=12244, stack(0x00000000205a0000,0x00000000206a0000)]
  0x00000000187d1000 JavaThread "jar transforms Thread 28" [_thread_blocked, id=13304, stack(0x00000000204a0000,0x00000000205a0000)]
  0x00000000187d1800 JavaThread "jar transforms Thread 27" [_thread_blocked, id=9060, stack(0x00000000203a0000,0x00000000204a0000)]
  0x00000000187c5000 JavaThread "jar transforms Thread 26" [_thread_blocked, id=12296, stack(0x00000000202a0000,0x00000000203a0000)]
  0x00000000187cb800 JavaThread "jar transforms Thread 25" [_thread_blocked, id=3440, stack(0x00000000201a0000,0x00000000202a0000)]
  0x00000000187cc000 JavaThread "jar transforms Thread 24" [_thread_blocked, id=7444, stack(0x00000000200a0000,0x00000000201a0000)]
  0x00000000187c3800 JavaThread "jar transforms Thread 23" [_thread_blocked, id=8988, stack(0x000000001ffa0000,0x00000000200a0000)]
  0x00000000187ca800 JavaThread "jar transforms Thread 22" [_thread_blocked, id=9148, stack(0x000000001fea0000,0x000000001ffa0000)]
  0x00000000187c9000 JavaThread "jar transforms Thread 21" [_thread_blocked, id=2488, stack(0x000000001fda0000,0x000000001fea0000)]
  0x00000000187c8800 JavaThread "jar transforms Thread 20" [_thread_blocked, id=10524, stack(0x000000001fca0000,0x000000001fda0000)]
  0x00000000187c7800 JavaThread "jar transforms Thread 19" [_thread_blocked, id=8020, stack(0x000000001fba0000,0x000000001fca0000)]
  0x00000000187c6800 JavaThread "jar transforms Thread 18" [_thread_blocked, id=2296, stack(0x000000001faa0000,0x000000001fba0000)]
  0x00000000187ca000 JavaThread "jar transforms Thread 17" [_thread_blocked, id=2880, stack(0x000000001f9a0000,0x000000001faa0000)]
  0x00000000187c6000 JavaThread "jar transforms Thread 16" [_thread_blocked, id=8620, stack(0x000000001f8a0000,0x000000001f9a0000)]
  0x00000000187c4800 JavaThread "jar transforms Thread 15" [_thread_blocked, id=12944, stack(0x000000001f7a0000,0x000000001f8a0000)]
  0x0000000018c6c000 JavaThread "jar transforms Thread 14" [_thread_blocked, id=9864, stack(0x000000001f6a0000,0x000000001f7a0000)]
  0x0000000018c6b000 JavaThread "jar transforms Thread 13" [_thread_blocked, id=7748, stack(0x000000001f5a0000,0x000000001f6a0000)]
  0x0000000018c6c800 JavaThread "jar transforms Thread 12" [_thread_blocked, id=6776, stack(0x000000001f4a0000,0x000000001f5a0000)]
  0x0000000018c6a800 JavaThread "jar transforms Thread 11" [_thread_blocked, id=9868, stack(0x000000001f3a0000,0x000000001f4a0000)]
  0x0000000018c69800 JavaThread "jar transforms Thread 10" [_thread_blocked, id=12484, stack(0x000000001f2a0000,0x000000001f3a0000)]
  0x0000000018c6f000 JavaThread "jar transforms Thread 9" [_thread_blocked, id=8668, stack(0x000000001f1a0000,0x000000001f2a0000)]
  0x0000000018c69000 JavaThread "jar transforms Thread 8" [_thread_blocked, id=7668, stack(0x000000001f0a0000,0x000000001f1a0000)]
  0x0000000018c6e800 JavaThread "jar transforms Thread 7" [_thread_blocked, id=10032, stack(0x000000001efa0000,0x000000001f0a0000)]
  0x0000000018c6d800 JavaThread "jar transforms Thread 6" [_thread_blocked, id=3048, stack(0x000000001eea0000,0x000000001efa0000)]
  0x0000000018c61000 JavaThread "jar transforms Thread 5" [_thread_blocked, id=3164, stack(0x000000001eda0000,0x000000001eea0000)]
  0x0000000018c68000 JavaThread "jar transforms Thread 4" [_thread_blocked, id=10652, stack(0x000000001eca0000,0x000000001eda0000)]
  0x0000000018c60000 JavaThread "jar transforms Thread 3" [_thread_blocked, id=12520, stack(0x000000001eba0000,0x000000001eca0000)]
  0x0000000018c65800 JavaThread "jar transforms Thread 2" [_thread_blocked, id=5024, stack(0x000000001eaa0000,0x000000001eba0000)]
  0x0000000018c67000 JavaThread "Build operations Thread 4" [_thread_blocked, id=6136, stack(0x000000001e9a0000,0x000000001eaa0000)]
  0x0000000018c63800 JavaThread "Build operations Thread 3" [_thread_blocked, id=10568, stack(0x000000001e8a0000,0x000000001e9a0000)]
  0x0000000018c65000 JavaThread "Build operations Thread 2" [_thread_blocked, id=2832, stack(0x000000001e7a0000,0x000000001e8a0000)]
  0x0000000018c62800 JavaThread "Build operations" [_thread_blocked, id=11204, stack(0x000000001e6a0000,0x000000001e7a0000)]
  0x0000000018c66800 JavaThread "Cache worker for Build Output Cleanup Cache (I:\React Nativ\SaveFood-main\android\.gradle\buildOutputCleanup)" [_thread_blocked, id=11556, stack(0x0000000000ae0000,0x0000000000be0000)]
  0x0000000019a6e000 JavaThread "Cache worker for file content cache (C:\Users\Shay\.gradle\caches\6.9\fileContent)" [_thread_blocked, id=3716, stack(0x000000001dda0000,0x000000001dea0000)]
  0x0000000019a72800 JavaThread "jar transforms" [_thread_blocked, id=10284, stack(0x000000001d560000,0x000000001d660000)]
  0x0000000019a6f800 JavaThread "Cache worker for execution history cache (C:\Users\Shay\.gradle\caches\6.9\executionHistory)" [_thread_blocked, id=7676, stack(0x000000001d6a0000,0x000000001d7a0000)]
  0x0000000019a6e800 JavaThread "Cache worker for cache directory md-rule (C:\Users\Shay\.gradle\caches\6.9\md-rule)" [_thread_blocked, id=10156, stack(0x000000001d460000,0x000000001d560000)]
  0x0000000019a70800 JavaThread "Cache worker for cache directory md-supplier (C:\Users\Shay\.gradle\caches\6.9\md-supplier)" [_thread_blocked, id=7688, stack(0x000000001c140000,0x000000001c240000)]
  0x0000000019a72000 JavaThread "Cache worker for checksums cache (I:\React Nativ\SaveFood-main\android\.gradle\checksums)" [_thread_blocked, id=7624, stack(0x000000001c040000,0x000000001c140000)]
  0x0000000019a6d000 JavaThread "Cache worker for file hash cache (I:\React Nativ\SaveFood-main\android\.gradle\6.9\fileHashes)" [_thread_blocked, id=12704, stack(0x000000001bf40000,0x000000001c040000)]
  0x0000000019a6c800 JavaThread "Cache worker for journal cache (C:\Users\Shay\.gradle\caches\journal-1)" [_thread_blocked, id=4964, stack(0x000000001b940000,0x000000001ba40000)]
  0x0000000019a71000 JavaThread "File lock request listener" [_thread_in_native, id=11076, stack(0x000000001a870000,0x000000001a970000)]
  0x0000000019a6b800 JavaThread "Cache worker for file hash cache (C:\Users\Shay\.gradle\caches\6.9\fileHashes)" [_thread_blocked, id=11152, stack(0x000000001a770000,0x000000001a870000)]
  0x0000000017311000 JavaThread "Daemon client event forwarder" [_thread_blocked, id=6020, stack(0x00000000184d0000,0x00000000185d0000)]
  0x0000000017308000 JavaThread "Stdin handler" [_thread_blocked, id=3104, stack(0x00000000183d0000,0x00000000184d0000)]
  0x00000000172ff000 JavaThread "Asynchronous log dispatcher for DefaultDaemonConnection: socket connection from /127.0.0.1:55478 to /127.0.0.1:55479" [_thread_blocked, id=7936, stack(0x00000000182d0000,0x00000000183d0000)]
  0x00000000172f8000 JavaThread "Daemon worker" [_thread_in_native, id=5808, stack(0x00000000181d0000,0x00000000182d0000)]
  0x00000000172f7800 JavaThread "Cancel handler" [_thread_blocked, id=3064, stack(0x00000000180d0000,0x00000000181d0000)]
  0x000000001726e000 JavaThread "Handler for socket connection from /127.0.0.1:55478 to /127.0.0.1:55479" [_thread_in_native, id=912, stack(0x0000000017fd0000,0x00000000180d0000)]
  0x000000001726d000 JavaThread "Daemon periodic checks" [_thread_blocked, id=2496, stack(0x0000000017ed0000,0x0000000017fd0000)]
  0x000000001726c800 JavaThread "Daemon" [_thread_blocked, id=2996, stack(0x0000000017dd0000,0x0000000017ed0000)]
  0x000000001727f000 JavaThread "Incoming local TCP Connector on port 55478" [_thread_in_native, id=11612, stack(0x0000000017990000,0x0000000017a90000)]
  0x000000001721b800 JavaThread "Daemon health stats" [_thread_blocked, id=5464, stack(0x0000000017550000,0x0000000017650000)]
  0x0000000015508800 JavaThread "Service Thread" daemon [_thread_blocked, id=1296, stack(0x00000000158d0000,0x00000000159d0000)]
  0x0000000013b87000 JavaThread "C1 CompilerThread2" daemon [_thread_blocked, id=12932, stack(0x00000000153d0000,0x00000000154d0000)]
=>0x0000000013b83000 JavaThread "C2 CompilerThread1" daemon [_thread_in_native, id=3344, stack(0x00000000152d0000,0x00000000153d0000)]
  0x0000000013b86000 JavaThread "C2 CompilerThread0" daemon [_thread_blocked, id=9288, stack(0x00000000151d0000,0x00000000152d0000)]
  0x0000000013b79800 JavaThread "Attach Listener" daemon [_thread_blocked, id=4840, stack(0x00000000150d0000,0x00000000151d0000)]
  0x0000000013b76800 JavaThread "Signal Dispatcher" daemon [_thread_blocked, id=936, stack(0x0000000014fd0000,0x00000000150d0000)]
  0x000000000274c000 JavaThread "Finalizer" daemon [_thread_blocked, id=6964, stack(0x0000000014dd0000,0x0000000014ed0000)]
  0x0000000013b58800 JavaThread "Reference Handler" daemon [_thread_blocked, id=12640, stack(0x0000000014cd0000,0x0000000014dd0000)]
  0x0000000002652800 JavaThread "main" [_thread_blocked, id=2408, stack(0x00000000024b0000,0x00000000025b0000)]

Other Threads:
  0x0000000013b37800 VMThread [stack: 0x0000000014bd0000,0x0000000014cd0000] [id=792]
  0x0000000013bcc800 WatcherThread [stack: 0x00000000159d0000,0x0000000015ad0000] [id=1640]

VM state:not at safepoint (normal execution)

VM Mutex/Monitor currently owned by a thread: None

heap address: 0x00000000e0000000, size: 512 MB, Compressed Oops mode: 32-bit
Narrow klass base: 0x0000000000000000, Narrow klass shift: 3
Compressed class space size: 1073741824 Address: 0x0000000100000000

Heap:
 PSYoungGen      total 156672K, used 129984K [0x00000000f5580000, 0x0000000100000000, 0x0000000100000000)
  eden space 144384K, 81% used [0x00000000f5580000,0x00000000fc873830,0x00000000fe280000)
  from space 12288K, 99% used [0x00000000fe280000,0x00000000fee7c810,0x00000000fee80000)
  to   space 14848K, 0% used [0x00000000ff180000,0x00000000ff180000,0x0000000100000000)
 ParOldGen       total 175104K, used 19683K [0x00000000e0000000, 0x00000000eab00000, 0x00000000f5580000)
  object space 175104K, 11% used [0x00000000e0000000,0x00000000e1338e90,0x00000000eab00000)
 Metaspace       used 53402K, capacity 55926K, committed 56064K, reserved 1097728K
  class space    used 7327K, capacity 7907K, committed 7936K, reserved 1048576K

Card table byte_map: [0x0000000011b10000,0x0000000011c20000] byte_map_base: 0x0000000011410000

Marking Bits: (ParMarkBitMap*) 0x0000000069b62480
 Begin Bits: [0x00000000120d0000, 0x00000000128d0000)
 End Bits:   [0x00000000128d0000, 0x00000000130d0000)

Polling page: 0x0000000000c20000

CodeCache: size=245760Kb used=17425Kb max_used=17480Kb free=228334Kb
 bounds [0x0000000002750000, 0x0000000003880000, 0x0000000011750000]
 total_blobs=5685 nmethods=4902 adapters=694
 compilation: enabled

Compilation events (10 events):
Event: 76.416 Thread 0x0000000013b83000 5393       4       java.lang.reflect.Executable::printModifiersIfNonzero (101 bytes)
Event: 76.472 Thread 0x0000000013b83000 nmethod 5393 0x0000000003829dd0 code [0x000000000382a000, 0x000000000382bb28]
Event: 76.472 Thread 0x0000000013b83000 5401       4       jdk.internal.org.objectweb.asm.ClassWriter::newClassItem (70 bytes)
Event: 76.481 Thread 0x0000000013b83000 nmethod 5401 0x00000000038274d0 code [0x0000000003827660, 0x0000000003827bf0]
Event: 76.603 Thread 0x0000000013b86000 nmethod 5346% 0x000000000385efd0 code [0x000000000385fcc0, 0x000000000386b628]
Event: 81.117 Thread 0x0000000013b87000 5402       3       java.util.concurrent.ScheduledThreadPoolExecutor::canRunInCurrentRunState (20 bytes)
Event: 81.117 Thread 0x0000000013b87000 nmethod 5402 0x0000000002e21e90 code [0x0000000002e22000, 0x0000000002e22450]
Event: 81.117 Thread 0x0000000013b87000 5403       3       java.util.concurrent.ThreadPoolExecutor::isRunningOrShutdown (31 bytes)
Event: 81.117 Thread 0x0000000013b87000 nmethod 5403 0x0000000002c732d0 code [0x0000000002c73440, 0x0000000002c73770]
Event: 84.711 Thread 0x0000000013b83000 5404       4       java.util.HashSet::add (20 bytes)

GC Heap History (10 events):
Event: 60.147 GC heap before
{Heap before GC invocations=7 (full 1):
 PSYoungGen      total 76288K, used 73537K [0x00000000f5580000, 0x00000000fc480000, 0x0000000100000000)
  eden space 65536K, 100% used [0x00000000f5580000,0x00000000f9580000,0x00000000f9580000)
  from space 10752K, 74% used [0x00000000f9580000,0x00000000f9d50428,0x00000000fa000000)
  to   space 11776K, 0% used [0x00000000fb900000,0x00000000fb900000,0x00000000fc480000)
 ParOldGen       total 175104K, used 8423K [0x00000000e0000000, 0x00000000eab00000, 0x00000000f5580000)
  object space 175104K, 4% used [0x00000000e0000000,0x00000000e0839eb8,0x00000000eab00000)
 Metaspace       used 32576K, capacity 33738K, committed 33920K, reserved 1079296K
  class space    used 4633K, capacity 4936K, committed 4992K, reserved 1048576K
Event: 60.248 GC heap after
Heap after GC invocations=7 (full 1):
 PSYoungGen      total 97792K, used 10370K [0x00000000f5580000, 0x00000000fc380000, 0x0000000100000000)
  eden space 87040K, 0% used [0x00000000f5580000,0x00000000f5580000,0x00000000faa80000)
  from space 10752K, 96% used [0x00000000fb900000,0x00000000fc3208a8,0x00000000fc380000)
  to   space 12288K, 0% used [0x00000000fab80000,0x00000000fab80000,0x00000000fb780000)
 ParOldGen       total 175104K, used 8431K [0x00000000e0000000, 0x00000000eab00000, 0x00000000f5580000)
  object space 175104K, 4% used [0x00000000e0000000,0x00000000e083beb8,0x00000000eab00000)
 Metaspace       used 32576K, capacity 33738K, committed 33920K, reserved 1079296K
  class space    used 4633K, capacity 4936K, committed 4992K, reserved 1048576K
}
Event: 61.694 GC heap before
{Heap before GC invocations=8 (full 1):
 PSYoungGen      total 97792K, used 31406K [0x00000000f5580000, 0x00000000fc380000, 0x0000000100000000)
  eden space 87040K, 24% used [0x00000000f5580000,0x00000000f6a0b170,0x00000000faa80000)
  from space 10752K, 96% used [0x00000000fb900000,0x00000000fc3208a8,0x00000000fc380000)
  to   space 12288K, 0% used [0x00000000fab80000,0x00000000fab80000,0x00000000fb780000)
 ParOldGen       total 175104K, used 8431K [0x00000000e0000000, 0x00000000eab00000, 0x00000000f5580000)
  object space 175104K, 4% used [0x00000000e0000000,0x00000000e083beb8,0x00000000eab00000)
 Metaspace       used 34217K, capacity 35406K, committed 35496K, reserved 1079296K
  class space    used 4771K, capacity 5080K, committed 5120K, reserved 1048576K
Event: 61.879 GC heap after
Heap after GC invocations=8 (full 1):
 PSYoungGen      total 100352K, used 9353K [0x00000000f5580000, 0x00000000ffa00000, 0x0000000100000000)
  eden space 88064K, 0% used [0x00000000f5580000,0x00000000f5580000,0x00000000fab80000)
  from space 12288K, 76% used [0x00000000fab80000,0x00000000fb4a2558,0x00000000fb780000)
  to   space 11776K, 0% used [0x00000000fee80000,0x00000000fee80000,0x00000000ffa00000)
 ParOldGen       total 175104K, used 8439K [0x00000000e0000000, 0x00000000eab00000, 0x00000000f5580000)
  object space 175104K, 4% used [0x00000000e0000000,0x00000000e083deb8,0x00000000eab00000)
 Metaspace       used 34217K, capacity 35406K, committed 35496K, reserved 1079296K
  class space    used 4771K, capacity 5080K, committed 5120K, reserved 1048576K
}
Event: 61.879 GC heap before
{Heap before GC invocations=9 (full 2):
 PSYoungGen      total 100352K, used 9353K [0x00000000f5580000, 0x00000000ffa00000, 0x0000000100000000)
  eden space 88064K, 0% used [0x00000000f5580000,0x00000000f5580000,0x00000000fab80000)
  from space 12288K, 76% used [0x00000000fab80000,0x00000000fb4a2558,0x00000000fb780000)
  to   space 11776K, 0% used [0x00000000fee80000,0x00000000fee80000,0x00000000ffa00000)
 ParOldGen       total 175104K, used 8439K [0x00000000e0000000, 0x00000000eab00000, 0x00000000f5580000)
  object space 175104K, 4% used [0x00000000e0000000,0x00000000e083deb8,0x00000000eab00000)
 Metaspace       used 34217K, capacity 35406K, committed 35496K, reserved 1079296K
  class space    used 4771K, capacity 5080K, committed 5120K, reserved 1048576K
Event: 62.193 GC heap after
Heap after GC invocations=9 (full 2):
 PSYoungGen      total 100352K, used 0K [0x00000000f5580000, 0x00000000ffa00000, 0x0000000100000000)
  eden space 88064K, 0% used [0x00000000f5580000,0x00000000f5580000,0x00000000fab80000)
  from space 12288K, 0% used [0x00000000fab80000,0x00000000fab80000,0x00000000fb780000)
  to   space 11776K, 0% used [0x00000000fee80000,0x00000000fee80000,0x00000000ffa00000)
 ParOldGen       total 175104K, used 16056K [0x00000000e0000000, 0x00000000eab00000, 0x00000000f5580000)
  object space 175104K, 9% used [0x00000000e0000000,0x00000000e0fae288,0x00000000eab00000)
 Metaspace       used 34217K, capacity 35406K, committed 35496K, reserved 1079296K
  class space    used 4771K, capacity 5080K, committed 5120K, reserved 1048576K
}
Event: 65.416 GC heap before
{Heap before GC invocations=10 (full 2):
 PSYoungGen      total 100352K, used 88064K [0x00000000f5580000, 0x00000000ffa00000, 0x0000000100000000)
  eden space 88064K, 100% used [0x00000000f5580000,0x00000000fab80000,0x00000000fab80000)
  from space 12288K, 0% used [0x00000000fab80000,0x00000000fab80000,0x00000000fb780000)
  to   space 11776K, 0% used [0x00000000fee80000,0x00000000fee80000,0x00000000ffa00000)
 ParOldGen       total 175104K, used 16056K [0x00000000e0000000, 0x00000000eab00000, 0x00000000f5580000)
  object space 175104K, 9% used [0x00000000e0000000,0x00000000e0fae288,0x00000000eab00000)
 Metaspace       used 37978K, capacity 39704K, committed 39808K, reserved 1083392K
  class space    used 5330K, capacity 5696K, committed 5760K, reserved 1048576K
Event: 65.495 GC heap after
Heap after GC invocations=10 (full 2):
 PSYoungGen      total 156160K, used 6321K [0x00000000f5580000, 0x0000000100000000, 0x0000000100000000)
  eden space 144384K, 0% used [0x00000000f5580000,0x00000000f5580000,0x00000000fe280000)
  from space 11776K, 53% used [0x00000000fee80000,0x00000000ff4ac5e8,0x00000000ffa00000)
  to   space 12288K, 0% used [0x00000000fe280000,0x00000000fe280000,0x00000000fee80000)
 ParOldGen       total 175104K, used 16064K [0x00000000e0000000, 0x00000000eab00000, 0x00000000f5580000)
  object space 175104K, 9% used [0x00000000e0000000,0x00000000e0fb0288,0x00000000eab00000)
 Metaspace       used 37978K, capacity 39704K, committed 39808K, reserved 1083392K
  class space    used 5330K, capacity 5696K, committed 5760K, reserved 1048576K
}
Event: 71.817 GC heap before
{Heap before GC invocations=11 (full 2):
 PSYoungGen      total 156160K, used 150705K [0x00000000f5580000, 0x0000000100000000, 0x0000000100000000)
  eden space 144384K, 100% used [0x00000000f5580000,0x00000000fe280000,0x00000000fe280000)
  from space 11776K, 53% used [0x00000000fee80000,0x00000000ff4ac5e8,0x00000000ffa00000)
  to   space 12288K, 0% used [0x00000000fe280000,0x00000000fe280000,0x00000000fee80000)
 ParOldGen       total 175104K, used 16064K [0x00000000e0000000, 0x00000000eab00000, 0x00000000f5580000)
  object space 175104K, 9% used [0x00000000e0000000,0x00000000e0fb0288,0x00000000eab00000)
 Metaspace       used 48497K, capacity 50632K, committed 50688K, reserved 1093632K
  class space    used 6642K, capacity 7164K, committed 7168K, reserved 1048576K
Event: 71.880 GC heap after
Heap after GC invocations=11 (full 2):
 PSYoungGen      total 156672K, used 12274K [0x00000000f5580000, 0x0000000100000000, 0x0000000100000000)
  eden space 144384K, 0% used [0x00000000f5580000,0x00000000f5580000,0x00000000fe280000)
  from space 12288K, 99% used [0x00000000fe280000,0x00000000fee7c810,0x00000000fee80000)
  to   space 14848K, 0% used [0x00000000ff180000,0x00000000ff180000,0x0000000100000000)
 ParOldGen       total 175104K, used 19683K [0x00000000e0000000, 0x00000000eab00000, 0x00000000f5580000)
  object space 175104K, 11% used [0x00000000e0000000,0x00000000e1338e90,0x00000000eab00000)
 Metaspace       used 48497K, capacity 50632K, committed 50688K, reserved 1093632K
  class space    used 6642K, capacity 7164K, committed 7168K, reserved 1048576K
}

Deoptimization events (10 events):
Event: 74.514 Thread 0x00000000172f8000 Uncommon trap: reason=unstable_if action=reinterpret pc=0x000000000317a114 method=groovy.lang.MetaClassImpl$1MOPIter.methodNameAction(Ljava/lang/Class;Lorg/codehaus/groovy/runtime/metaclass/MetaMethodIndex$Entry;)V @ 182
Event: 74.867 Thread 0x00000000172f8000 Uncommon trap: reason=null_check action=make_not_entrant pc=0x00000000037205b8 method=java.lang.Class.searchMethods([Ljava/lang/reflect/Method;Ljava/lang/String;[Ljava/lang/Class;)Ljava/lang/reflect/Method; @ 59
Event: 75.088 Thread 0x00000000172f8000 Uncommon trap: reason=bimorphic action=maybe_recompile pc=0x00000000037a9c54 method=org.codehaus.groovy.util.SingleKeyHashMap.get(Ljava/lang/Object;)Ljava/lang/Object; @ 43
Event: 75.090 Thread 0x00000000172f8000 Uncommon trap: reason=bimorphic action=maybe_recompile pc=0x00000000037a9c54 method=org.codehaus.groovy.util.SingleKeyHashMap.get(Ljava/lang/Object;)Ljava/lang/Object; @ 43
Event: 75.329 Thread 0x00000000172f8000 Uncommon trap: reason=unstable_if action=reinterpret pc=0x0000000002948fc0 method=org.codehaus.groovy.runtime.metaclass.MetaMethodIndex.addMethodToList(Ljava/lang/Object;Lgroovy/lang/MetaMethod;)Ljava/lang/Object; @ 256
Event: 75.420 Thread 0x00000000172f8000 Uncommon trap: reason=unstable_if action=reinterpret pc=0x0000000003536da4 method=java.util.HashMap.getNode(ILjava/lang/Object;)Ljava/util/HashMap$Node; @ 84
Event: 75.420 Thread 0x00000000172f8000 Uncommon trap: reason=unstable_if action=reinterpret pc=0x0000000002d34c14 method=java.util.HashMap.putVal(ILjava/lang/Object;Ljava/lang/Object;ZZ)Ljava/lang/Object; @ 109
Event: 75.420 Thread 0x00000000172f8000 Uncommon trap: reason=unstable_if action=reinterpret pc=0x00000000036e4f10 method=java.util.HashMap.getNode(ILjava/lang/Object;)Ljava/util/HashMap$Node; @ 84
Event: 75.422 Thread 0x00000000172f8000 Uncommon trap: reason=unstable_if action=reinterpret pc=0x0000000002d3dae0 method=java.util.HashMap.getNode(ILjava/lang/Object;)Ljava/util/HashMap$Node; @ 84
Event: 75.422 Thread 0x00000000172f8000 Uncommon trap: reason=unstable_if action=reinterpret pc=0x0000000002a9ec7c method=java.util.HashMap.resize()[Ljava/util/HashMap$Node; @ 206

Classes redefined (0 events):
No events

Internal exceptions (10 events):
Event: 75.696 Thread 0x00000000172f8000 Exception <a 'java/lang/ClassNotFoundException': org/gradle/api/tasks/AbstractCopyTaskCustomizer> (0x00000000fc087078) thrown at [C:\tmp\build-8-cpu\jdk8u\hotspot\src\share\vm\classfile\systemDictionary.cpp, line 217]
Event: 75.700 Thread 0x00000000172f8000 Exception <a 'java/lang/ClassNotFoundException': org/gradle/api/tasks/CopyCustomizer> (0x00000000fc136c20) thrown at [C:\tmp\build-8-cpu\jdk8u\hotspot\src\share\vm\classfile\systemDictionary.cpp, line 217]
Event: 75.702 Thread 0x00000000172f8000 Exception <a 'java/lang/ClassNotFoundException': org/gradle/api/tasks/Copy_DecoratedCustomizer> (0x00000000fc1893f0) thrown at [C:\tmp\build-8-cpu\jdk8u\hotspot\src\share\vm\classfile\systemDictionary.cpp, line 217]
Event: 75.921 Thread 0x00000000172f8000 Exception <a 'java/lang/ClassNotFoundException': org/gradle/api/internal/artifacts/configurations/DefaultConfigurationContainer_DecoratedBeanInfo> (0x00000000fc4be8d8) thrown at [C:\tmp\build-8-cpu\jdk8u\hotspot\src\share\vm\classfile\systemDictionary.cpp
Event: 75.925 Thread 0x00000000172f8000 Exception <a 'java/lang/ClassNotFoundException': org/gradle/api/internal/artifacts/configurations/DefaultConfigurationContainerBeanInfo> (0x00000000fc52c090) thrown at [C:\tmp\build-8-cpu\jdk8u\hotspot\src\share\vm\classfile\systemDictionary.cpp, line 217
Event: 75.927 Thread 0x00000000172f8000 Exception <a 'java/lang/ClassNotFoundException': org/gradle/api/internal/AbstractValidatingNamedDomainObjectContainerBeanInfo> (0x00000000fc578b40) thrown at [C:\tmp\build-8-cpu\jdk8u\hotspot\src\share\vm\classfile\systemDictionary.cpp, line 217]
Event: 75.929 Thread 0x00000000172f8000 Exception <a 'java/lang/ClassNotFoundException': org/gradle/api/internal/AbstractValidatingNamedDomainObjectContainerCustomizer> (0x00000000fc5c6580) thrown at [C:\tmp\build-8-cpu\jdk8u\hotspot\src\share\vm\classfile\systemDictionary.cpp, line 217]
Event: 75.932 Thread 0x00000000172f8000 Exception <a 'java/lang/ClassNotFoundException': org/gradle/api/internal/artifacts/configurations/DefaultConfigurationContainerCustomizer> (0x00000000fc6437b8) thrown at [C:\tmp\build-8-cpu\jdk8u\hotspot\src\share\vm\classfile\systemDictionary.cpp, line 2
Event: 75.935 Thread 0x00000000172f8000 Exception <a 'java/lang/ClassNotFoundException': org/gradle/api/internal/artifacts/configurations/DefaultConfigurationContainer_DecoratedCustomizer> (0x00000000fc6d3f60) thrown at [C:\tmp\build-8-cpu\jdk8u\hotspot\src\share\vm\classfile\systemDictionary.c
Event: 76.417 Thread 0x000000001588b800 Exception <a 'java/lang/NoSuchMethodError': java.lang.Object.lambda$comparingInt$7b0bb60$1(Ljava/util/function/ToIntFunction;Ljava/lang/Object;Ljava/lang/Object;)I> (0x00000000fc844a10) thrown at [C:\tmp\build-8-cpu\jdk8u\hotspot\src\share\vm\interpreter\

Events (10 events):
Event: 76.414 Executing VM operation: RevokeBias
Event: 76.414 Executing VM operation: RevokeBias done
Event: 76.414 loading class org/gradle/workers/internal/WorkerDaemonExpiration$SimpleMemoryExpirationSelector
Event: 76.414 loading class org/gradle/workers/internal/WorkerDaemonExpiration$SimpleMemoryExpirationSelector done
Event: 76.415 loading class org/gradle/workers/internal/WorkerDaemonClient
Event: 76.415 loading class org/gradle/workers/internal/WorkerDaemonClient done
Event: 76.416 loading class org/gradle/workers/internal/WorkerDaemonClient
Event: 76.416 loading class org/gradle/workers/internal/WorkerDaemonClient done
Event: 76.417 loading class org/gradle/process/internal/health/memory/JvmMemoryStatusSnapshot
Event: 76.417 loading class org/gradle/process/internal/health/memory/JvmMemoryStatusSnapshot done


Dynamic libraries:
0x00007ff62ac50000 - 0x00007ff62ac85000 	C:\Program Files\OpenJDK\openjdk-8u312-b07\bin\java.exe
0x00007fff80410000 - 0x00007fff80605000 	C:\Windows\SYSTEM32\ntdll.dll
0x00007fff7e8a0000 - 0x00007fff7e95e000 	C:\Windows\System32\KERNEL32.DLL
0x00007fff7de40000 - 0x00007fff7e108000 	C:\Windows\System32\KERNELBASE.dll
0x00007fff800c0000 - 0x00007fff8016e000 	C:\Windows\System32\ADVAPI32.dll
0x00007fff7fee0000 - 0x00007fff7ff7e000 	C:\Windows\System32\msvcrt.dll
0x00007fff7e670000 - 0x00007fff7e70c000 	C:\Windows\System32\sechost.dll
0x00007fff7e470000 - 0x00007fff7e595000 	C:\Windows\System32\RPCRT4.dll
0x00007fff7fd30000 - 0x00007fff7fed1000 	C:\Windows\System32\USER32.dll
0x00007fff7de10000 - 0x00007fff7de32000 	C:\Windows\System32\win32u.dll
0x00007fff7e870000 - 0x00007fff7e89b000 	C:\Windows\System32\GDI32.dll
0x00007fff7e1b0000 - 0x00007fff7e2bd000 	C:\Windows\System32\gdi32full.dll
0x00007fff7e110000 - 0x00007fff7e1ad000 	C:\Windows\System32\msvcp_win.dll
0x00007fff7dc60000 - 0x00007fff7dd60000 	C:\Windows\System32\ucrtbase.dll
0x00007fff64f50000 - 0x00007fff651ea000 	C:\Windows\WinSxS\amd64_microsoft.windows.common-controls_6595b64144ccf1df_6.0.19041.1110_none_60b5254171f9507e\COMCTL32.dll
0x00007fff7e710000 - 0x00007fff7e740000 	C:\Windows\System32\IMM32.DLL
0x0000000069bf0000 - 0x0000000069cc2000 	C:\Program Files\OpenJDK\openjdk-8u312-b07\jre\bin\msvcr100.dll
0x0000000069350000 - 0x0000000069be4000 	C:\Program Files\OpenJDK\openjdk-8u312-b07\jre\bin\server\jvm.dll
0x00007fff7e860000 - 0x00007fff7e868000 	C:\Windows\System32\PSAPI.DLL
0x00007fff63ed0000 - 0x00007fff63ef7000 	C:\Windows\SYSTEM32\WINMM.dll
0x00007fff6bc40000 - 0x00007fff6bc49000 	C:\Windows\SYSTEM32\WSOCK32.dll
0x00007fff7d5d0000 - 0x00007fff7d5da000 	C:\Windows\SYSTEM32\VERSION.dll
0x00007fff7ef20000 - 0x00007fff7ef8b000 	C:\Windows\System32\WS2_32.dll
0x00007fff6bc30000 - 0x00007fff6bc3f000 	C:\Program Files\OpenJDK\openjdk-8u312-b07\jre\bin\verify.dll
0x00007fff6bc00000 - 0x00007fff6bc29000 	C:\Program Files\OpenJDK\openjdk-8u312-b07\jre\bin\java.dll
0x00007fff6bbe0000 - 0x00007fff6bbf6000 	C:\Program Files\OpenJDK\openjdk-8u312-b07\jre\bin\zip.dll
0x00007fff7f5e0000 - 0x00007fff7fd24000 	C:\Windows\System32\SHELL32.dll
0x00007fff7b8b0000 - 0x00007fff7c045000 	C:\Windows\SYSTEM32\windows.storage.dll
0x00007fff7ef90000 - 0x00007fff7f2e5000 	C:\Windows\System32\combase.dll
0x00007fff7d430000 - 0x00007fff7d45e000 	C:\Windows\SYSTEM32\Wldp.dll
0x00007fff7e960000 - 0x00007fff7ea0d000 	C:\Windows\System32\SHCORE.dll
0x00007fff7f580000 - 0x00007fff7f5d5000 	C:\Windows\System32\shlwapi.dll
0x00007fff7da60000 - 0x00007fff7da7f000 	C:\Windows\SYSTEM32\profapi.dll
0x00007fff6bbc0000 - 0x00007fff6bbdb000 	C:\Program Files\OpenJDK\openjdk-8u312-b07\jre\bin\net.dll
0x00007fff7d190000 - 0x00007fff7d1fa000 	C:\Windows\system32\mswsock.dll
0x00007fff497d0000 - 0x00007fff497e1000 	C:\Program Files\OpenJDK\openjdk-8u312-b07\jre\bin\nio.dll
0x00007fff3e020000 - 0x00007fff3e047000 	C:\Users\Shay\.gradle\native\49d0259a56938c7f99b2704e745ce422c4f750a7a20b539a32ccef96729676b1\windows-amd64\native-platform.dll
0x00007fff14f80000 - 0x00007fff15116000 	C:\Users\Shay\.gradle\native\12488b8bf47d2d4c9fbf2f6322a914ad602e24e48041cd04a747c6da556b65c4\windows-amd64\native-platform-file-events.dll
0x00007fff59130000 - 0x00007fff5913d000 	C:\Program Files\OpenJDK\openjdk-8u312-b07\jre\bin\management.dll
0x00007fff7d380000 - 0x00007fff7d398000 	C:\Windows\SYSTEM32\CRYPTSP.dll
0x00007fff7cb10000 - 0x00007fff7cb44000 	C:\Windows\system32\rsaenh.dll
0x00007fff7e2c0000 - 0x00007fff7e2e7000 	C:\Windows\System32\bcrypt.dll
0x00007fff7d9e0000 - 0x00007fff7da0e000 	C:\Windows\SYSTEM32\USERENV.dll
0x00007fff7dbd0000 - 0x00007fff7dc52000 	C:\Windows\System32\bcryptprimitives.dll
0x00007fff7d3a0000 - 0x00007fff7d3ac000 	C:\Windows\SYSTEM32\CRYPTBASE.dll
0x00007fff7ce80000 - 0x00007fff7cebb000 	C:\Windows\SYSTEM32\IPHLPAPI.DLL
0x00007fff7e5a0000 - 0x00007fff7e5a8000 	C:\Windows\System32\NSI.dll
0x00007fff6c760000 - 0x00007fff6c777000 	C:\Windows\SYSTEM32\dhcpcsvc6.DLL
0x00007fff6fa80000 - 0x00007fff6fa9d000 	C:\Windows\SYSTEM32\dhcpcsvc.DLL
0x00007fff7cec0000 - 0x00007fff7cf8b000 	C:\Windows\SYSTEM32\DNSAPI.dll

VM Arguments:
jvm_args: -XX:MaxMetaspaceSize=256m -XX:+HeapDumpOnOutOfMemoryError -Xms256m -Xmx512m -Dfile.encoding=windows-1252 -Duser.country=GB -Duser.language=en -Duser.variant 
java_command: org.gradle.launcher.daemon.bootstrap.GradleDaemon 6.9
java_class_path (initial): C:\Users\Shay\.gradle\wrapper\dists\gradle-6.9-all\dooywd8nv05k16orzxge2b1bs\gradle-6.9\lib\gradle-launcher-6.9.jar
Launcher Type: SUN_STANDARD

Environment Variables:
JAVA_HOME=C:\Program Files\OpenJDK\openjdk-8u312-b07
CLASSPATH=I:\React Nativ\SaveFood-main\android\\gradle\wrapper\gradle-wrapper.jar
PATH=I:\React Nativ\SaveFood-main\android\node_modules\.bin;I:\React Nativ\SaveFood-main\node_modules\.bin;I:\React Nativ\node_modules\.bin;I:\node_modules\.bin;C:\Program Files\nodejs;I:\React Nativ\SaveFood-main\node_modules\.bin;I:\React Nativ\node_modules\.bin;I:\node_modules\.bin;C:\Users\Shay\AppData\Roaming\npm\node_modules\npm\node_modules\@npmcli\run-script\lib\node-gyp-bin;C:\Program Files\Common Files\Oracle\Java\javapath;C:\Program Files (x86)\Common Files\Oracle\Java\javapath;C:\Windows\system32;C:\Windows;C:\Windows\System32\Wbem;C:\Windows\System32\WindowsPowerShell\v1.0\;C:\Windows\System32\OpenSSH\;C:\Program Files\Git\cmd;C:\ProgramData\chocolatey\bin;C:\Program Files\OpenJDK\openjdk-8u312-b07\bin;C:\Program Files\nodejs\;C:\Users\Shay\AppData\Local\Microsoft\WindowsApps;C:\Users\Shay\AppData\Local\Android\Sdk\platform-tools;C:\Users\Shay\AppData\Local\Programs\Microsoft VS Code\bin;C:\Users\Shay\AppData\Roaming\npm;;I:\React Nativ\SaveFood-main\node_modules\.bin
USERNAME=Shay
OS=Windows_NT
PROCESSOR_IDENTIFIER=Intel64 Family 6 Model 78 Stepping 3, GenuineIntel



---------------  S Y S T E M  ---------------

OS: Windows 10.0 , 64 bit Build 19041 (10.0.19041.1466)

CPU:total 4 (initial active 4) (2 cores per cpu, 2 threads per core) family 6 model 78 stepping 3, cmov, cx8, fxsr, mmx, sse, sse2, sse3, ssse3, sse4.1, sse4.2, popcnt, avx, avx2, aes, clmul, erms, rtm, 3dnowpref, lzcnt, ht, tsc, tscinvbit, bmi1, bmi2, adx

Memory: 4k page, physical 7774812k(355780k free), swap 31892060k(0k free)

vm_info: OpenJDK 64-Bit Server VM (25.312-b07) for windows-amd64 JRE (1.8.0_312-b07), built on Oct 15 2021 11:47:12 by "build" with MS VC++ 10.0 (VS2010)

time: Thu Jan 27 13:29:05 2022
timezone: Bangladesh Standard Time
elapsed time: 84.792082 seconds (0d 0h 1m 24s)

